Flow report for mux2in1_16
Fri Aug 09 12:35:06 2024
Quartus Prime Version 15.1.0 Build 185 10/21/2015 SJ Lite Edition


---------------------
; Table of Contents ;
---------------------
  1. Legal Notice
  2. Flow Summary
  3. Flow Settings
  4. Flow Non-Default Global Settings
  5. Flow Elapsed Time
  6. Flow OS Summary
  7. Flow Log
  8. Flow Messages
  9. Flow Suppressed Messages



----------------
; Legal Notice ;
----------------
Copyright (C) 1991-2015 Altera Corporation. All rights reserved.
Your use of Altera Corporation's design tools, logic functions 
and other software and tools, and its AMPP partner logic 
functions, and any output files from any of the foregoing 
(including device programming or simulation files), and any 
associated documentation or information are expressly subject 
to the terms and conditions of the Altera Program License 
Subscription Agreement, the Altera Quartus Prime License Agreement,
the Altera MegaCore Function License Agreement, or other 
applicable license agreement, including, without limitation, 
that your use is for the sole purpose of programming logic 
devices manufactured by Altera and sold by Altera or its 
authorized distributors.  Please refer to the applicable 
agreement for further details.



+---------------------------------------------------------------------+
; Flow Summary                                                        ;
+-----------------------+---------------------------------------------+
; Flow Status           ; Successful - Fri Aug 09 12:35:02 2024       ;
; Quartus Prime Version ; 15.1.0 Build 185 10/21/2015 SJ Lite Edition ;
; Revision Name         ; mux2in1_16                                  ;
; Top-level Entity Name ; mux2in1_16                                  ;
; Family                ; MAX II                                      ;
; Device                ; EPM240T100C5                                ;
; Timing Models         ; Final                                       ;
; Total logic elements  ; 16 / 240 ( 7 % )                            ;
; Total pins            ; 49 / 80 ( 61 % )                            ;
; Total virtual pins    ; 0                                           ;
; UFM blocks            ; 0 / 1 ( 0 % )                               ;
+-----------------------+---------------------------------------------+


+-----------------------------------------+
; Flow Settings                           ;
+-------------------+---------------------+
; Option            ; Setting             ;
+-------------------+---------------------+
; Start date & time ; 08/09/2024 12:34:50 ;
; Main task         ; Compilation         ;
; Revision Name     ; mux2in1_16          ;
+-------------------+---------------------+


+--------------------------------------------------------------------------------------------------------------------+
; Flow Non-Default Global Settings                                                                                   ;
+---------------------------------------+---------------------------------+---------------+-------------+------------+
; Assignment Name                       ; Value                           ; Default Value ; Entity Name ; Section Id ;
+---------------------------------------+---------------------------------+---------------+-------------+------------+
; COMPILER_SIGNATURE_ID                 ; 237901795271013.172319609024888 ; --            ; --          ; --         ;
; MAX_CORE_JUNCTION_TEMP                ; 85                              ; --            ; --          ; --         ;
; MIN_CORE_JUNCTION_TEMP                ; 0                               ; --            ; --          ; --         ;
; POWER_EXT_SUPPLY_VOLTAGE_TO_REGULATOR ; 3.3V                            ; --            ; --          ; --         ;
; PROJECT_OUTPUT_DIRECTORY              ; output_files                    ; --            ; --          ; --         ;
+---------------------------------------+---------------------------------+---------------+-------------+------------+


+-------------------------------------------------------------------------------------------------------------------------------+
; Flow Elapsed Time                                                                                                             ;
+---------------------------+--------------+-------------------------+---------------------+------------------------------------+
; Module Name               ; Elapsed Time ; Average Processors Used ; Peak Virtual Memory ; Total CPU Time (on all processors) ;
+---------------------------+--------------+-------------------------+---------------------+------------------------------------+
; Analysis & Synthesis      ; 00:00:06     ; 1.0                     ; 4892 MB             ; 00:00:13                           ;
; Fitter                    ; 00:00:00     ; 1.0                     ; 5146 MB             ; 00:00:01                           ;
; Assembler                 ; 00:00:00     ; 1.0                     ; 4821 MB             ; 00:00:00                           ;
; TimeQuest Timing Analyzer ; 00:00:01     ; 1.0                     ; 4838 MB             ; 00:00:01                           ;
; Total                     ; 00:00:07     ; --                      ; --                  ; 00:00:15                           ;
+---------------------------+--------------+-------------------------+---------------------+------------------------------------+


+----------------------------------------------------------------------------------------+
; Flow OS Summary                                                                        ;
+---------------------------+------------------+-----------+------------+----------------+
; Module Name               ; Machine Hostname ; OS Name   ; OS Version ; Processor type ;
+---------------------------+------------------+-----------+------------+----------------+
; Analysis & Synthesis      ; WIN-D3DRJDB9NEQ  ; Windows 8 ; 6.2        ; x86_64         ;
; Fitter                    ; WIN-D3DRJDB9NEQ  ; Windows 8 ; 6.2        ; x86_64         ;
; Assembler                 ; WIN-D3DRJDB9NEQ  ; Windows 8 ; 6.2        ; x86_64         ;
; TimeQuest Timing Analyzer ; WIN-D3DRJDB9NEQ  ; Windows 8 ; 6.2        ; x86_64         ;
+---------------------------+------------------+-----------+------------+----------------+


------------
; Flow Log ;
------------
quartus_map --read_settings_files=on --write_settings_files=off mux2in1_16 -c mux2in1_16
quartus_fit --read_settings_files=off --write_settings_files=off mux2in1_16 -c mux2in1_16
quartus_asm --read_settings_files=off --write_settings_files=off mux2in1_16 -c mux2in1_16
quartus_sta mux2in1_16 -c mux2in1_16



