Analysis & Synthesis report for ALU
Fri Aug 16 14:00:41 2024
Quartus Prime Version 15.1.0 Build 185 10/21/2015 SJ Lite Edition


---------------------
; Table of Contents ;
---------------------
  1. Legal Notice
  2. Analysis & Synthesis Summary
  3. Analysis & Synthesis Settings
  4. Parallel Compilation
  5. Analysis & Synthesis Source Files Read
  6. Analysis & Synthesis Resource Usage Summary
  7. Analysis & Synthesis Resource Utilization by Entity
  8. General Register Statistics
  9. Multiplexer Restructuring Statistics (Restructuring Performed)
 10. Port Connectivity Checks: "mux2in1_16:zyMux"
 11. Port Connectivity Checks: "mux2in1_16:zxMux"
 12. Analysis & Synthesis Messages



----------------
; Legal Notice ;
----------------
Copyright (C) 1991-2015 Altera Corporation. All rights reserved.
Your use of Altera Corporation's design tools, logic functions 
and other software and tools, and its AMPP partner logic 
functions, and any output files from any of the foregoing 
(including device programming or simulation files), and any 
associated documentation or information are expressly subject 
to the terms and conditions of the Altera Program License 
Subscription Agreement, the Altera Quartus Prime License Agreement,
the Altera MegaCore Function License Agreement, or other 
applicable license agreement, including, without limitation, 
that your use is for the sole purpose of programming logic 
devices manufactured by Altera and sold by Altera or its 
authorized distributors.  Please refer to the applicable 
agreement for further details.



+---------------------------------------------------------------------------+
; Analysis & Synthesis Summary                                              ;
+-----------------------------+---------------------------------------------+
; Analysis & Synthesis Status ; Successful - Fri Aug 16 14:00:41 2024       ;
; Quartus Prime Version       ; 15.1.0 Build 185 10/21/2015 SJ Lite Edition ;
; Revision Name               ; ALU                                         ;
; Top-level Entity Name       ; ALU                                         ;
; Family                      ; MAX II                                      ;
; Total logic elements        ; 85                                          ;
; Total pins                  ; 56                                          ;
; Total virtual pins          ; 0                                           ;
; UFM blocks                  ; 0 / 1 ( 0 % )                               ;
+-----------------------------+---------------------------------------------+


+----------------------------------------------------------------------------------------------------------------------+
; Analysis & Synthesis Settings                                                                                        ;
+----------------------------------------------------------------------------+--------------------+--------------------+
; Option                                                                     ; Setting            ; Default Value      ;
+----------------------------------------------------------------------------+--------------------+--------------------+
; Device                                                                     ; EPM240T100C5       ;                    ;
; Top-level entity name                                                      ; ALU                ; ALU                ;
; Family name                                                                ; MAX II             ; Cyclone V          ;
; Use smart compilation                                                      ; Off                ; Off                ;
; Enable parallel Assembler and TimeQuest Timing Analyzer during compilation ; On                 ; On                 ;
; Enable compact report table                                                ; Off                ; Off                ;
; Restructure Multiplexers                                                   ; Auto               ; Auto               ;
; Create Debugging Nodes for IP Cores                                        ; Off                ; Off                ;
; Preserve fewer node names                                                  ; On                 ; On                 ;
; Disable OpenCore Plus hardware evaluation                                  ; Off                ; Off                ;
; Verilog Version                                                            ; Verilog_2001       ; Verilog_2001       ;
; VHDL Version                                                               ; VHDL_1993          ; VHDL_1993          ;
; State Machine Processing                                                   ; Auto               ; Auto               ;
; Safe State Machine                                                         ; Off                ; Off                ;
; Extract Verilog State Machines                                             ; On                 ; On                 ;
; Extract VHDL State Machines                                                ; On                 ; On                 ;
; Ignore Verilog initial constructs                                          ; Off                ; Off                ;
; Iteration limit for constant Verilog loops                                 ; 5000               ; 5000               ;
; Iteration limit for non-constant Verilog loops                             ; 250                ; 250                ;
; Add Pass-Through Logic to Inferred RAMs                                    ; On                 ; On                 ;
; Infer RAMs from Raw Logic                                                  ; On                 ; On                 ;
; Parallel Synthesis                                                         ; On                 ; On                 ;
; NOT Gate Push-Back                                                         ; On                 ; On                 ;
; Power-Up Don't Care                                                        ; On                 ; On                 ;
; Remove Redundant Logic Cells                                               ; Off                ; Off                ;
; Remove Duplicate Registers                                                 ; On                 ; On                 ;
; Ignore CARRY Buffers                                                       ; Off                ; Off                ;
; Ignore CASCADE Buffers                                                     ; Off                ; Off                ;
; Ignore GLOBAL Buffers                                                      ; Off                ; Off                ;
; Ignore ROW GLOBAL Buffers                                                  ; Off                ; Off                ;
; Ignore LCELL Buffers                                                       ; Off                ; Off                ;
; Ignore SOFT Buffers                                                        ; On                 ; On                 ;
; Limit AHDL Integers to 32 Bits                                             ; Off                ; Off                ;
; Optimization Technique                                                     ; Balanced           ; Balanced           ;
; Carry Chain Length                                                         ; 70                 ; 70                 ;
; Auto Carry Chains                                                          ; On                 ; On                 ;
; Auto Open-Drain Pins                                                       ; On                 ; On                 ;
; Perform WYSIWYG Primitive Resynthesis                                      ; Off                ; Off                ;
; Auto Shift Register Replacement                                            ; Auto               ; Auto               ;
; Allow Shift Register Merging across Hierarchies                            ; Auto               ; Auto               ;
; Auto Clock Enable Replacement                                              ; On                 ; On                 ;
; Allow Synchronous Control Signals                                          ; On                 ; On                 ;
; Force Use of Synchronous Clear Signals                                     ; Off                ; Off                ;
; Auto Resource Sharing                                                      ; Off                ; Off                ;
; Use LogicLock Constraints during Resource Balancing                        ; On                 ; On                 ;
; Ignore translate_off and synthesis_off directives                          ; Off                ; Off                ;
; Report Parameter Settings                                                  ; On                 ; On                 ;
; Report Source Assignments                                                  ; On                 ; On                 ;
; Report Connectivity Checks                                                 ; On                 ; On                 ;
; Ignore Maximum Fan-Out Assignments                                         ; Off                ; Off                ;
; Synchronization Register Chain Length                                      ; 2                  ; 2                  ;
; PowerPlay Power Optimization During Synthesis                              ; Normal compilation ; Normal compilation ;
; HDL message level                                                          ; Level2             ; Level2             ;
; Suppress Register Optimization Related Messages                            ; Off                ; Off                ;
; Number of Removed Registers Reported in Synthesis Report                   ; 5000               ; 5000               ;
; Number of Swept Nodes Reported in Synthesis Report                         ; 5000               ; 5000               ;
; Number of Inverted Registers Reported in Synthesis Report                  ; 100                ; 100                ;
; Clock MUX Protection                                                       ; On                 ; On                 ;
; Block Design Naming                                                        ; Auto               ; Auto               ;
; Synthesis Effort                                                           ; Auto               ; Auto               ;
; Shift Register Replacement - Allow Asynchronous Clear Signal               ; On                 ; On                 ;
; Analysis & Synthesis Message Level                                         ; Medium             ; Medium             ;
; Disable Register Merging Across Hierarchies                                ; Auto               ; Auto               ;
; Synthesis Seed                                                             ; 1                  ; 1                  ;
+----------------------------------------------------------------------------+--------------------+--------------------+


Parallel compilation was disabled, but you have multiple processors available. Enable parallel compilation to reduce compilation time.
+-------------------------------------+
; Parallel Compilation                ;
+----------------------------+--------+
; Processors                 ; Number ;
+----------------------------+--------+
; Number detected on machine ; 12     ;
; Maximum allowed            ; 1      ;
+----------------------------+--------+


+-------------------------------------------------------------------------------------------------------------------------------------------------------------+
; Analysis & Synthesis Source Files Read                                                                                                                      ;
+----------------------------------+-----------------+------------------------+---------------------------------------------------------------------+---------+
; File Name with User-Entered Path ; Used in Netlist ; File Type              ; File Name with Absolute Path                                        ; Library ;
+----------------------------------+-----------------+------------------------+---------------------------------------------------------------------+---------+
; ../or8in1/or8in1.v               ; yes             ; User Verilog HDL File  ; C:/Users/user/Documents/N2T/Quartus_Verylog/or8in1/or8in1.v         ;         ;
; ../and_16/and_16.v               ; yes             ; User Verilog HDL File  ; C:/Users/user/Documents/N2T/Quartus_Verylog/and_16/and_16.v         ;         ;
; ../add_16/add_16.v               ; yes             ; User Verilog HDL File  ; C:/Users/user/Documents/N2T/Quartus_Verylog/add_16/add_16.v         ;         ;
; ../not_16/not_16.v               ; yes             ; User Verilog HDL File  ; C:/Users/user/Documents/N2T/Quartus_Verylog/not_16/not_16.v         ;         ;
; ../mux2in1_16/mux2in1_16.v       ; yes             ; User Verilog HDL File  ; C:/Users/user/Documents/N2T/Quartus_Verylog/mux2in1_16/mux2in1_16.v ;         ;
; ALU.v                            ; yes             ; User Verilog HDL File  ; C:/Users/user/Documents/N2T/Quartus_Verylog/ALU/ALU.v               ;         ;
+----------------------------------+-----------------+------------------------+---------------------------------------------------------------------+---------+


+-----------------------------------------------------+
; Analysis & Synthesis Resource Usage Summary         ;
+---------------------------------------------+-------+
; Resource                                    ; Usage ;
+---------------------------------------------+-------+
; Total logic elements                        ; 85    ;
;     -- Combinational with no register       ; 85    ;
;     -- Register only                        ; 0     ;
;     -- Combinational with a register        ; 0     ;
;                                             ;       ;
; Logic element usage by number of LUT inputs ;       ;
;     -- 4 input functions                    ; 37    ;
;     -- 3 input functions                    ; 47    ;
;     -- 2 input functions                    ; 1     ;
;     -- 1 input functions                    ; 0     ;
;     -- 0 input functions                    ; 0     ;
;                                             ;       ;
; Logic elements by mode                      ;       ;
;     -- normal mode                          ; 70    ;
;     -- arithmetic mode                      ; 15    ;
;     -- qfbk mode                            ; 0     ;
;     -- register cascade mode                ; 0     ;
;     -- synchronous clear/load mode          ; 0     ;
;     -- asynchronous clear/load mode         ; 0     ;
;                                             ;       ;
; Total registers                             ; 0     ;
; Total logic cells in carry chains           ; 16    ;
; I/O pins                                    ; 56    ;
; Maximum fan-out node                        ; nx    ;
; Maximum fan-out                             ; 32    ;
; Total fan-out                               ; 309   ;
; Average fan-out                             ; 2.19  ;
+---------------------------------------------+-------+


+------------------------------------------------------------------------------------------------------------------------------------------------------------------------------------------------------------------------+
; Analysis & Synthesis Resource Utilization by Entity                                                                                                                                                                    ;
+----------------------------+-------------+--------------+------------+------+--------------+--------------+-------------------+------------------+-----------------+------------+-----------------------+--------------+
; Compilation Hierarchy Node ; Logic Cells ; LC Registers ; UFM Blocks ; Pins ; Virtual Pins ; LUT-Only LCs ; Register-Only LCs ; LUT/Register LCs ; Carry Chain LCs ; Packed LCs ; Full Hierarchy Name   ; Library Name ;
+----------------------------+-------------+--------------+------------+------+--------------+--------------+-------------------+------------------+-----------------+------------+-----------------------+--------------+
; |ALU                       ; 85 (5)      ; 0            ; 0          ; 56   ; 0            ; 85 (5)       ; 0 (0)             ; 0 (0)            ; 16 (0)          ; 0 (0)      ; |ALU                  ; work         ;
;    |add_16:assNxNy|        ; 16 (16)     ; 0            ; 0          ; 0    ; 0            ; 16 (16)      ; 0 (0)             ; 0 (0)            ; 16 (16)         ; 0 (0)      ; |ALU|add_16:assNxNy   ; work         ;
;    |mux2in1_16:noMux|      ; 32 (32)     ; 0            ; 0          ; 0    ; 0            ; 32 (32)      ; 0 (0)             ; 0 (0)            ; 0 (0)           ; 0 (0)      ; |ALU|mux2in1_16:noMux ; work         ;
;    |mux2in1_16:nxMux|      ; 16 (16)     ; 0            ; 0          ; 0    ; 0            ; 16 (16)      ; 0 (0)             ; 0 (0)            ; 0 (0)           ; 0 (0)      ; |ALU|mux2in1_16:nxMux ; work         ;
;    |mux2in1_16:nyMux|      ; 16 (16)     ; 0            ; 0          ; 0    ; 0            ; 16 (16)      ; 0 (0)             ; 0 (0)            ; 0 (0)           ; 0 (0)      ; |ALU|mux2in1_16:nyMux ; work         ;
+----------------------------+-------------+--------------+------------+------+--------------+--------------+-------------------+------------------+-----------------+------------+-----------------------+--------------+
Note: For table entries with two numbers listed, the numbers in parentheses indicate the number of resources of the given type used by the specific entity alone. The numbers listed outside of parentheses indicate the total resources of the given type used by the specific entity and all of its sub-entities in the hierarchy.


+------------------------------------------------------+
; General Register Statistics                          ;
+----------------------------------------------+-------+
; Statistic                                    ; Value ;
+----------------------------------------------+-------+
; Total registers                              ; 0     ;
; Number of registers using Synchronous Clear  ; 0     ;
; Number of registers using Synchronous Load   ; 0     ;
; Number of registers using Asynchronous Clear ; 0     ;
; Number of registers using Asynchronous Load  ; 0     ;
; Number of registers using Clock Enable       ; 0     ;
; Number of registers using Preset             ; 0     ;
+----------------------------------------------+-------+


+------------------------------------------------------------------------------------------------------------------------------------------+
; Multiplexer Restructuring Statistics (Restructuring Performed)                                                                           ;
+--------------------+-----------+---------------+----------------------+------------------------+------------+----------------------------+
; Multiplexer Inputs ; Bus Width ; Baseline Area ; Area if Restructured ; Saving if Restructured ; Registered ; Example Multiplexer Output ;
+--------------------+-----------+---------------+----------------------+------------------------+------------+----------------------------+
; 4:1                ; 16 bits   ; 32 LEs        ; 32 LEs               ; 0 LEs                  ; No         ; |ALU|mux2in1_16:nxMux|y[0] ;
; 4:1                ; 16 bits   ; 32 LEs        ; 32 LEs               ; 0 LEs                  ; No         ; |ALU|mux2in1_16:nyMux|y[8] ;
; 4:1                ; 16 bits   ; 32 LEs        ; 32 LEs               ; 0 LEs                  ; No         ; |ALU|mux2in1_16:noMux|y[0] ;
+--------------------+-----------+---------------+----------------------+------------------------+------------+----------------------------+


+----------------------------------------------+
; Port Connectivity Checks: "mux2in1_16:zyMux" ;
+------+-------+----------+--------------------+
; Port ; Type  ; Severity ; Details            ;
+------+-------+----------+--------------------+
; b    ; Input ; Info     ; Stuck at GND       ;
+------+-------+----------+--------------------+


+----------------------------------------------+
; Port Connectivity Checks: "mux2in1_16:zxMux" ;
+------+-------+----------+--------------------+
; Port ; Type  ; Severity ; Details            ;
+------+-------+----------+--------------------+
; b    ; Input ; Info     ; Stuck at GND       ;
+------+-------+----------+--------------------+


+-------------------------------+
; Analysis & Synthesis Messages ;
+-------------------------------+
Info: *******************************************************************
Info: Running Quartus Prime Analysis & Synthesis
    Info: Version 15.1.0 Build 185 10/21/2015 SJ Lite Edition
    Info: Processing started: Fri Aug 16 14:00:35 2024
Info: Command: quartus_map --read_settings_files=on --write_settings_files=off ALU -c ALU
Warning (20028): Parallel compilation is not licensed and has been disabled
Info (12021): Found 1 design units, including 1 entities, in source file /users/user/documents/n2t/quartus_verylog/or8in1/or8in1.v
    Info (12023): Found entity 1: or8in1 File: C:/Users/user/Documents/N2T/Quartus_Verylog/or8in1/or8in1.v Line: 1
Info (12021): Found 1 design units, including 1 entities, in source file /users/user/documents/n2t/quartus_verylog/and_16/and_16.v
    Info (12023): Found entity 1: and_16 File: C:/Users/user/Documents/N2T/Quartus_Verylog/and_16/and_16.v Line: 1
Info (12021): Found 1 design units, including 1 entities, in source file /users/user/documents/n2t/quartus_verylog/add_16/add_16.v
    Info (12023): Found entity 1: add_16 File: C:/Users/user/Documents/N2T/Quartus_Verylog/add_16/add_16.v Line: 1
Info (12021): Found 1 design units, including 1 entities, in source file /users/user/documents/n2t/quartus_verylog/not_16/not_16.v
    Info (12023): Found entity 1: not_16 File: C:/Users/user/Documents/N2T/Quartus_Verylog/not_16/not_16.v Line: 1
Info (12021): Found 1 design units, including 1 entities, in source file /users/user/documents/n2t/quartus_verylog/mux2in1_16/mux2in1_16.v
    Info (12023): Found entity 1: mux2in1_16 File: C:/Users/user/Documents/N2T/Quartus_Verylog/mux2in1_16/mux2in1_16.v Line: 1
Info (12021): Found 1 design units, including 1 entities, in source file alu.v
    Info (12023): Found entity 1: ALU File: C:/Users/user/Documents/N2T/Quartus_Verylog/ALU/ALU.v Line: 26
Warning (12019): Can't analyze file -- file ALU_tb.v is missing
Warning (10236): Verilog HDL Implicit Net warning at ALU.v(65): created implicit net for "anyBitsTrue" File: C:/Users/user/Documents/N2T/Quartus_Verylog/ALU/ALU.v Line: 65
Info (12127): Elaborating entity "ALU" for the top level hierarchy
Info (12128): Elaborating entity "mux2in1_16" for hierarchy "mux2in1_16:zxMux" File: C:/Users/user/Documents/N2T/Quartus_Verylog/ALU/ALU.v Line: 44
Info (12128): Elaborating entity "not_16" for hierarchy "not_16:notzxMux" File: C:/Users/user/Documents/N2T/Quartus_Verylog/ALU/ALU.v Line: 45
Info (12128): Elaborating entity "add_16" for hierarchy "add_16:assNxNy" File: C:/Users/user/Documents/N2T/Quartus_Verylog/ALU/ALU.v Line: 52
Info (12128): Elaborating entity "and_16" for hierarchy "and_16:andNxNy" File: C:/Users/user/Documents/N2T/Quartus_Verylog/ALU/ALU.v Line: 53
Info (12128): Elaborating entity "or8in1" for hierarchy "or8in1:orHighBits" File: C:/Users/user/Documents/N2T/Quartus_Verylog/ALU/ALU.v Line: 62
Info (21057): Implemented 141 device resources after synthesis - the final resource count might be different
    Info (21058): Implemented 38 input pins
    Info (21059): Implemented 18 output pins
    Info (21061): Implemented 85 logic cells
Info: Quartus Prime Analysis & Synthesis was successful. 0 errors, 3 warnings
    Info: Peak virtual memory: 4893 megabytes
    Info: Processing ended: Fri Aug 16 14:00:41 2024
    Info: Elapsed time: 00:00:06
    Info: Total CPU time (on all processors): 00:00:13


